Running /home/testing/development/odemis/src/odemis/acq/test/fastem_conf_test.py:
============================= test session starts ==============================
platform linux -- Python 3.6.9, pytest-3.3.2, py-1.5.2, pluggy-0.6.0 -- /usr/bin/python3
cachedir: ../../../../.cache
rootdir: /home/testing/development/odemis, inifile:
collecting ... collected 3 items

fastem_conf_test.py::TestFASTEMConfig::test_configure_scanner_live ERROR [ 33%]
fastem_conf_test.py::TestFASTEMConfig::test_configure_scanner_megafield ERROR [ 66%]
fastem_conf_test.py::TestFASTEMConfig::test_configure_scanner_overview ERROR [100%]

==================================== ERRORS ====================================
________ ERROR at setup of TestFASTEMConfig.test_configure_scanner_live ________
fastem_conf_test.py:54: in setUpClass
    test.start_backend(FASTEM_CONFIG)
../../util/test.py:73: in start_backend
    run_backend(config)
../../util/test.py:108: in run_backend
    raise IOError("Backend still starting after %d s" % (timeout,))
E   OSError: Backend still starting after 30 s
---------------------------- Captured stderr setup -----------------------------
INFO:root:Starting backend with config file '/home/testing/development/odemis/src/odemis/../../install/linux/usr/share/odemis/sim/fastem-sim-asm.odm.yaml'
INFO:root:Setting resource limit in child (pid 29855)
INFO:root:Backend is starting...
INFO:root:Backend is starting...
INFO:root:Backend is starting...
INFO:root:Backend is starting...
INFO:root:Backend is starting...
INFO:root:Backend is starting...
INFO:root:Backend is starting...
INFO:root:Backend is starting...
INFO:root:Backend is starting...
INFO:root:Backend is starting...
INFO:root:Backend is starting...
INFO:root:Backend is starting...
INFO:root:Backend is starting...
INFO:root:Backend is starting...
INFO:root:Backend is starting...
INFO:root:Backend is starting...
INFO:root:Backend is starting...
INFO:root:Backend is starting...
INFO:root:Backend is starting...
INFO:root:Backend is starting...
INFO:root:Backend is starting...
INFO:root:Backend is starting...
INFO:root:Backend is starting...
INFO:root:Backend is starting...
INFO:root:Backend is starting...
INFO:root:Backend is starting...
INFO:root:Backend is starting...
INFO:root:Backend is starting...
INFO:root:Backend is starting...
INFO:root:Backend is starting...
------------------------------ Captured log setup ------------------------------
test.py                     87 INFO     Starting backend with config file '/home/testing/development/odemis/src/odemis/../../install/linux/usr/share/odemis/sim/fastem-sim-asm.odm.yaml'
test.py                    103 INFO     Backend is starting...
test.py                    103 INFO     Backend is starting...
test.py                    103 INFO     Backend is starting...
test.py                    103 INFO     Backend is starting...
test.py                    103 INFO     Backend is starting...
test.py                    103 INFO     Backend is starting...
test.py                    103 INFO     Backend is starting...
test.py                    103 INFO     Backend is starting...
test.py                    103 INFO     Backend is starting...
test.py                    103 INFO     Backend is starting...
test.py                    103 INFO     Backend is starting...
test.py                    103 INFO     Backend is starting...
test.py                    103 INFO     Backend is starting...
test.py                    103 INFO     Backend is starting...
test.py                    103 INFO     Backend is starting...
test.py                    103 INFO     Backend is starting...
test.py                    103 INFO     Backend is starting...
test.py                    103 INFO     Backend is starting...
test.py                    103 INFO     Backend is starting...
test.py                    103 INFO     Backend is starting...
test.py                    103 INFO     Backend is starting...
test.py                    103 INFO     Backend is starting...
test.py                    103 INFO     Backend is starting...
test.py                    103 INFO     Backend is starting...
test.py                    103 INFO     Backend is starting...
test.py                    103 INFO     Backend is starting...
test.py                    103 INFO     Backend is starting...
test.py                    103 INFO     Backend is starting...
test.py                    103 INFO     Backend is starting...
test.py                    103 INFO     Backend is starting...
test.py                    103 INFO     Backend is starting...
test.py                    103 INFO     Backend is starting...
test.py                    103 INFO     Backend is starting...
test.py                    103 INFO     Backend is starting...
test.py                    103 INFO     Backend is starting...
test.py                    103 INFO     Backend is starting...
test.py                    103 INFO     Backend is starting...
test.py                    103 INFO     Backend is starting...
test.py                    103 INFO     Backend is starting...
test.py                    103 INFO     Backend is starting...
test.py                    103 INFO     Backend is starting...
test.py                    103 INFO     Backend is starting...
test.py                    103 INFO     Backend is starting...
test.py                    103 INFO     Backend is starting...
test.py                    103 INFO     Backend is starting...
test.py                    103 INFO     Backend is starting...
test.py                    103 INFO     Backend is starting...
test.py                    103 INFO     Backend is starting...
test.py                    103 INFO     Backend is starting...
test.py                    103 INFO     Backend is starting...
test.py                    103 INFO     Backend is starting...
test.py                    103 INFO     Backend is starting...
test.py                    103 INFO     Backend is starting...
test.py                    103 INFO     Backend is starting...
test.py                    103 INFO     Backend is starting...
test.py                    103 INFO     Backend is starting...
test.py                    103 INFO     Backend is starting...
test.py                    103 INFO     Backend is starting...
test.py                    103 INFO     Backend is starting...
test.py                    103 INFO     Backend is starting...
_____ ERROR at setup of TestFASTEMConfig.test_configure_scanner_megafield ______
fastem_conf_test.py:54: in setUpClass
    test.start_backend(FASTEM_CONFIG)
../../util/test.py:73: in start_backend
    run_backend(config)
../../util/test.py:108: in run_backend
    raise IOError("Backend still starting after %d s" % (timeout,))
E   OSError: Backend still starting after 30 s
______ ERROR at setup of TestFASTEMConfig.test_configure_scanner_overview ______
fastem_conf_test.py:54: in setUpClass
    test.start_backend(FASTEM_CONFIG)
../../util/test.py:73: in start_backend
    run_backend(config)
../../util/test.py:108: in run_backend
    raise IOError("Backend still starting after %d s" % (timeout,))
E   OSError: Backend still starting after 30 s
=========================== 3 error in 34.80 seconds ===========================
/home/testing/development/odemis/src/odemis/acq/test/fastem_conf_test.py returned 1